Running command: /Users/martin/projects/moose/modules/navier_stokes/navier_stokes-opt Outputs/csv=true --n-threads=2 -i peacock_run_exe_tmp_perm_moose_2D_y.i
Working directory: /Users/martin/projects/phd/moose/miscellaneous/mehrdad

Framework Information:
MOOSE Version:           git commit ea5648ba3f on 2018-04-19
LibMesh Version:         727d0685dc96e841c5805608653410ea0cd926a6
PETSc Version:           3.7.6
Current Time:            Thu Jun  7 12:54:45 2018
Executable Timestamp:    Thu May 17 09:07:07 2018

Parallelism:
  Num Processors:          1
  Num Threads:             2

Mesh:
  Parallel Type:           replicated
  Mesh Dimension:          2
  Spatial Dimension:       2
  Nodes:
    Total:                 569688
    Local:                 569688
  Elems:
    Total:                 464904
    Local:                 464904
  Num Subdomains:          1
  Num Partitions:          1

Nonlinear System:
  Num DOFs:                1709064
  Num Local DOFs:          1709064
  Variables:               { "vel_x" "vel_y" "p" }
  Finite Element Types:    "LAGRANGE"
  Approximation Orders:    "FIRST"

Execution Information:
  Executioner:             Steady
  Solver Mode:             Preconditioned JFNK
  Preconditioner:          asm


Postprocessor Values:
+----------------+----------------+----------------+----------------+----------------+
| time           | integral_in    | integral_out   | vel_avg        | vol            |
+----------------+----------------+----------------+----------------+----------------+
|   0.000000e+00 |   0.000000e+00 |   0.000000e+00 |   0.000000e+00 |   5.120257e-01 |
+----------------+----------------+----------------+----------------+----------------+
 0 Nonlinear |R| = 2.887906e+01
      0 Linear |R| = 2.887906e+01
      1 Linear |R| = 3.182879e-13
  Linear solve converged due to CONVERGED_ATOL iterations 1
 1 Nonlinear |R| = 7.353119e-05
      0 Linear |R| = 7.353119e-05
      1 Linear |R| = 1.242955e-13
  Linear solve converged due to CONVERGED_ATOL iterations 1
 2 Nonlinear |R| = 1.429974e-12
Nonlinear solve converged due to CONVERGED_FNORM_ABS iterations 2
Outlier Variable Residual Norms:
  p: 1.429974e-12

Postprocessor Values:
+----------------+----------------+----------------+----------------+----------------+
| time           | integral_in    | integral_out   | vel_avg        | vol            |
+----------------+----------------+----------------+----------------+----------------+
|   0.000000e+00 |   0.000000e+00 |   0.000000e+00 |   0.000000e+00 |   5.120257e-01 |
|   1.000000e+00 |  -4.782984e-06 |  -4.782982e-06 |  -9.331738e-06 |   5.120257e-01 |
+----------------+----------------+----------------+----------------+----------------+

 -------------------------------------------------------------------------------------------------------------------------
| NavierStokes Performance: Alive time=408.335, Active time=406.757                                                       |
 -------------------------------------------------------------------------------------------------------------------------
| Event                                      nCalls     Total Time  Avg Time    Total Time  Avg Time    % of Active Time  |
|                                                       w/o Sub     w/o Sub     With Sub    With Sub    w/o S    With S   |
|-------------------------------------------------------------------------------------------------------------------------|
|                                                                                                                         |
|                                                                                                                         |
| Application                                                                                                             |
|   Full Runtime                             1          1.5336      1.533563    406.7571    406.757053  0.38     100.00   |
|                                                                                                                         |
| Execution                                                                                                               |
|   computeKernels()                         10         39.1366     3.913662    39.1366     3.913662    9.62     9.62     |
|   computeNodalBCs()                        10         1.1938      0.119384    1.1938      0.119384    0.29     0.29     |
|   computeUserObjects(INITIAL)              1          1.7394      1.739398    1.7394      1.739398    0.43     0.43     |
|   computeUserObjects(TIMESTEP_END)         1          1.7387      1.738720    1.7387      1.738720    0.43     0.43     |
|   compute_jacobian()                       2          42.1199     21.059967   42.1199     21.059967   10.36    10.36    |
|   compute_residual()                       10         0.7779      0.077793    41.1084     4.110839    0.19     10.11    |
|   solve()                                  1          296.7569    296.756936  379.9853    379.985262  72.96    93.42    |
|                                                                                                                         |
| Output                                                                                                                  |
|   CSV::output()                            2          0.0080      0.003977    0.0080      0.003977    0.00     0.00     |
|   Exodus::output()                         2          2.6715      1.335773    2.6715      1.335773    0.66     0.66     |
|                                                                                                                         |
| Setup                                                                                                                   |
|   Application Setup                        1          1.4471      1.447132    13.6196     13.619624   0.36     3.35     |
|   FEProblemBase::init::meshChanged()       1          0.8146      0.814631    0.8146      0.814631    0.20     0.20     |
|   Initial updateActiveSemiLocalNodeRange() 1          0.2058      0.205766    0.2058      0.205766    0.05     0.05     |
|   Initial updateGeomSearch()               2          0.0000      0.000002    0.0000      0.000002    0.00     0.00     |
|   NonlinearSystem::update()                1          0.0067      0.006725    0.0067      0.006725    0.00     0.00     |
|   Read Mesh                                1          2.0882      2.088239    2.0882      2.088239    0.51     0.51     |
|   eq.init()                                1          9.2629      9.262896    9.2629      9.262896    2.28     2.28     |
|   execMultiApps()                          1          0.0017      0.001685    0.0017      0.001685    0.00     0.00     |
|   execTransfers()                          1          0.0000      0.000001    0.0000      0.000001    0.00     0.00     |
|   initial adaptivity                       1          0.0004      0.000401    0.0004      0.000401    0.00     0.00     |
|   initialSetup()                           1          4.0758      4.075845    7.2004      7.200383    1.00     1.77     |
|   reinit() after updateGeomSearch()        1          0.0000      0.000001    0.0000      0.000001    0.00     0.00     |
|                                                                                                                         |
| Utility                                                                                                                 |
|   projectSolution()                        1          1.1773      1.177280    1.1773      1.177280    0.29     0.29     |
 -------------------------------------------------------------------------------------------------------------------------
| Totals:                                    54         406.7570                                        100.00            |
 -------------------------------------------------------------------------------------------------------------------------
Finished: Exit code: 0